

Started GET "/" for 122.57.210.196 at 2014-10-31 16:50:07 +0000
Processing by Rails::WelcomeController#index as HTML
  Rendered /usr/local/rvm/gems/ruby-2.1.1@rails4/gems/railties-4.2.0.beta2/lib/rails/templates/rails/welcome/index.html.erb (2.7ms)
Completed 200 OK in 45ms (Views: 34.2ms | ActiveRecord: 0.0ms)


Started GET "/" for 122.57.210.196 at 2014-10-31 17:01:14 +0000
Processing by Rails::WelcomeController#index as HTML
  Rendered /usr/local/rvm/gems/ruby-2.1.1@rails4/gems/railties-4.2.0.beta2/lib/rails/templates/rails/welcome/index.html.erb (2.7ms)
Completed 200 OK in 25ms (Views: 14.4ms | ActiveRecord: 0.0ms)


Started GET "/rails/info/properties" for 122.57.210.196 at 2014-10-31 17:06:43 +0000
Processing by Rails::InfoController#properties as HTML
  Rendered /usr/local/rvm/gems/ruby-2.1.1@rails4/gems/railties-4.2.0.beta2/lib/rails/templates/rails/info/properties.html.erb (0.5ms)
Completed 200 OK in 50ms (Views: 19.0ms | ActiveRecord: 2.2ms)


Started GET "/" for 122.57.210.196 at 2014-11-01 03:15:50 +0000
Processing by ApplicationController#hello as HTML
  Rendered text template (0.0ms)
Completed 200 OK in 5ms (Views: 4.0ms | ActiveRecord: 0.0ms)


Started GET "/" for 122.57.210.196 at 2014-11-01 08:02:48 +0000
Processing by ApplicationController#hello as HTML
  Rendered text template (0.0ms)
Completed 200 OK in 27ms (Views: 15.5ms | ActiveRecord: 0.0ms)
